{
  "stats": {
    "suites": 1,
    "tests": 1,
    "passes": 1,
    "pending": 0,
    "failures": 0,
    "start": "2023-06-15T18:21:31.506Z",
    "end": "2023-06-15T18:21:35.202Z",
    "duration": 3696,
    "testsRegistered": 1,
    "passPercent": 100,
    "pendingPercent": 0,
    "other": 0,
    "hasOther": false,
    "skipped": 0,
    "hasSkipped": false
  },
  "results": [
    {
      "uuid": "240786dc-2d34-44ae-aa00-dfd16621f54e",
      "title": "",
      "fullFile": "cypress/e2e/search.cy.js",
      "file": "cypress/e2e/search.cy.js",
      "beforeHooks": [],
      "afterHooks": [],
      "tests": [],
      "suites": [
        {
          "uuid": "6990e74c-839d-49e7-bcc4-2a23000e86dd",
          "title": "Search/navigation test",
          "fullFile": "",
          "file": "",
          "beforeHooks": [],
          "afterHooks": [],
          "tests": [
            {
              "title": "Search test",
              "fullTitle": "Search/navigation test Search test",
              "timedOut": null,
              "duration": 3676,
              "state": "passed",
              "speed": "fast",
              "pass": true,
              "fail": false,
              "pending": false,
              "context": null,
              "code": "cy.visit('/');\ncy.get('[placeholder=\"Search Keywords\"]').type('E');\ncy.get('.fa-search').click();\n//   function findNewProd(product) {\n//     cy.get('ul.pagination a').then(pages => {\n//       for(let i = 1; i < pages.length, i++;) {\n//         cy.location().then( location => {\n//             if (!location.search.includes('product/product')){\n//                 cy.get('body').then(body => {\n//                     if (body.find(`.prdocutname[title=\"${product}`).length > 0){\n//               cy.get(`.prdocutname[title=\"${product}`).click()\n//                     } else {\n//               cy.get('ul.pagination a').contains('>').click()\n//                     }\n//                   })\n//             }\n//         })\n//       }\n//     })\n//   }\n//   findNewProd('The Miracle Morning: The Not-So-Obvious Secret Guaranteed to Transform Your Life')\nfunction searchProduct(product) {\n  for (let page = 2; page <= 5; page++) {\n    cy.location().then(location => {\n      if (!location.search.includes('product/product')) {\n        cy.get('.fixed').then(element => {\n          if (element.find(`a:contains(${product})`).length != 0) {\n            cy.get(`.fixed a:contains(${product})`).click();\n            cy.get('.breadcrumb').should('contain', product);\n          } else {\n            cy.get('ul.pagination').contains(page).click();\n          }\n        });\n      }\n    });\n  }\n}\nsearchProduct('Men+Care Clean Comfort Deodorant');",
              "err": {},
              "uuid": "5f1f22cc-5709-4653-9ffa-2cf1f6f75c9e",
              "parentUUID": "6990e74c-839d-49e7-bcc4-2a23000e86dd",
              "isHook": false,
              "skipped": false
            }
          ],
          "suites": [],
          "passes": [
            "5f1f22cc-5709-4653-9ffa-2cf1f6f75c9e"
          ],
          "failures": [],
          "pending": [],
          "skipped": [],
          "duration": 3676,
          "root": false,
          "rootEmpty": false,
          "_timeout": 2000
        }
      ],
      "passes": [],
      "failures": [],
      "pending": [],
      "skipped": [],
      "duration": 0,
      "root": true,
      "rootEmpty": true,
      "_timeout": 2000
    }
  ],
  "meta": {
    "mocha": {
      "version": "7.0.1"
    },
    "mochawesome": {
      "options": {
        "quiet": false,
        "reportFilename": "mochawesome",
        "saveHtml": false,
        "saveJson": true,
        "consoleReporter": "spec",
        "useInlineDiffs": false,
        "code": true
      },
      "version": "7.1.3"
    },
    "marge": {
      "options": {
        "reportDir": "cypress/results",
        "overwrite": false,
        "html": false,
        "json": true
      },
      "version": "6.2.0"
    }
  }
}